<?xml version="1.0" encoding="UTF-8"?>
<!-- Generated by org.testng.reporters.JUnitReportReporter -->
<testsuite skipped="0" hostname="HDC1-D-C72PXJ2" name="pageObjectModel.MainTest" tests="1" failures="0" timestamp="12 Feb 2019 10:37:53 GMT" time="6.214" errors="0">
  <testcase name="f" time="6.214" classname="pageObjectModel.MainTest"/>
</testsuite> <!-- pageObjectModel.MainTest -->
