<?xml version="1.0" encoding="UTF-8"?>
<!-- Generated by org.testng.reporters.JUnitReportReporter -->
<testsuite skipped="0" hostname="HDC1-D-C72PXJ2" name="worksheetDemo.ExcelWorkbookDemo" tests="1" failures="0" timestamp="12 Feb 2019 07:14:46 GMT" time="58.336" errors="0">
  <testcase name="workBook" time="58.336" classname="worksheetDemo.ExcelWorkbookDemo"/>
</testsuite> <!-- worksheetDemo.ExcelWorkbookDemo -->
